0
https://cryptoslate.com/cryptos/abandoned/page/1/
Total in category: abandoned page: 1 - 20
The last in the list
{ CoinName: 'Animecoin',
  CSSingleLink: 'https://cryptoslate.com/coins/animecoin/',
  ticker: 'ANI',
  shortDescription: 'Abandoned proof of work cryptocurrency',
  marketCap: '',
  category: 'abandoned' }


=========================


https://cryptoslate.com/cryptos/abandoned/page/2/
Total in category: abandoned page: 2 - 31
The last in the list
{ CoinName: 'Wink',
  CSSingleLink: 'https://cryptoslate.com/coins/wink/',
  ticker: 'WINK',
  shortDescription: 'Abandoned proof of stake coin',
  marketCap: '',
  category: 'abandoned' }


=========================


1
https://cryptoslate.com/cryptos/adult/page/1/
Total in category: adult page: 1 - 42
The last in the list
{ CoinName: 'FAPcoin',
  CSSingleLink: 'https://cryptoslate.com/coins/fapcoin/',
  ticker: 'FAP',
  shortDescription: 'Adult industry cryptocurrency',
  marketCap: '',
  category: 'adult' }


=========================


2
https://cryptoslate.com/cryptos/advertising/page/1/
Total in category: advertising page: 1 - 62
The last in the list
{ CoinName: 'Thrive Token',
  CSSingleLink: 'https://cryptoslate.com/coins/thrive-token/',
  ticker: 'THRT',
  shortDescription: 'Decentralized ad marketplace',
  marketCap: '$858,120',
  category: 'advertising' }


=========================


https://cryptoslate.com/cryptos/advertising/page/2/
Total in category: advertising page: 2 - 82
The last in the list
{ CoinName: 'Ordocoin',
  CSSingleLink: 'https://cryptoslate.com/coins/ordocoin/',
  ticker: 'RDC',
  shortDescription: 'Next-generation video sharing platform',
  marketCap: '',
  category: 'advertising' }


=========================


https://cryptoslate.com/cryptos/advertising/page/3/
Total in category: advertising page: 3 - 83
The last in the list
{ CoinName: 'DWS',
  CSSingleLink: 'https://cryptoslate.com/coins/dws/',
  ticker: 'DWS',
  shortDescription: 'Decentralised Wi-Fi for everyone',
  marketCap: '',
  category: 'advertising' }


=========================


3
https://cryptoslate.com/cryptos/ai/page/1/
Total in category: ai page: 1 - 103
The last in the list
{ CoinName: 'Xriba',
  CSSingleLink: 'https://cryptoslate.com/coins/xriba/',
  ticker: 'XRA',
  shortDescription: 'Transparency and accountability to cryptocurrency and business',
  marketCap: '$2,496,795',
  category: 'ai' }


=========================


4
https://cryptoslate.com/cryptos/art/page/1/
Total in category: art page: 1 - 107
The last in the list
{ CoinName: 'Printex',
  CSSingleLink: 'https://cryptoslate.com/coins/printex/',
  ticker: 'PRTX',
  shortDescription: 'The first crypto-currency for printing domain',
  marketCap: '$149,549',
  category: 'art' }


=========================


5
https://cryptoslate.com/cryptos/business-service/page/1/
Total in category: business-service page: 1 - 127
The last in the list
{ CoinName: 'Own',
  CSSingleLink: 'https://cryptoslate.com/coins/own/',
  ticker: 'CHX',
  shortDescription: 'The security token blockchain',
  marketCap: '$5,057,750',
  category: 'business-service' }


=========================


https://cryptoslate.com/cryptos/business-service/page/2/
Total in category: business-service page: 2 - 147
The last in the list
{ CoinName: 'XcelToken',
  CSSingleLink: 'https://cryptoslate.com/coins/xceltoken/',
  ticker: 'XCEL',
  shortDescription: 'Decentralized travel ecosystem',
  marketCap: '$1,086,834',
  category: 'business-service' }


=========================


https://cryptoslate.com/cryptos/business-service/page/3/
Total in category: business-service page: 3 - 167
The last in the list
{ CoinName: 'Commercium',
  CSSingleLink: 'https://cryptoslate.com/coins/commercium/',
  ticker: 'CMM',
  shortDescription: 'Commerce made modern',
  marketCap: '$180,200',
  category: 'business-service' }


=========================


https://cryptoslate.com/cryptos/business-service/page/4/
Total in category: business-service page: 4 - 187
The last in the list
{ CoinName: 'ParkinGo',
  CSSingleLink: 'https://cryptoslate.com/coins/parkingo/',
  ticker: 'GOT',
  shortDescription: 'Innovating mobility through the blockchain',
  marketCap: '',
  category: 'business-service' }


=========================


https://cryptoslate.com/cryptos/business-service/page/5/
Total in category: business-service page: 5 - 196
The last in the list
{ CoinName: 'XRT Token',
  CSSingleLink: 'https://cryptoslate.com/coins/xrt-token/',
  ticker: 'XRT',
  shortDescription: 'Future revolution in hotel & restaurant industry',
  marketCap: '',
  category: 'business-service' }


=========================


6
https://cryptoslate.com/cryptos/cannabis/page/1/
Total in category: cannabis page: 1 - 210
The last in the list
{ CoinName: 'BlazerCoin',
  CSSingleLink: 'https://cryptoslate.com/coins/blazercoin/',
  ticker: 'BLAZR',
  shortDescription: 'Cryptocurrency for the marijuana industry',
  marketCap: '',
  category: 'cannabis' }


=========================


7
https://cryptoslate.com/cryptos/charity/page/1/
Total in category: charity page: 1 - 217
The last in the list
{ CoinName: 'Evimeria',
  CSSingleLink: 'https://cryptoslate.com/coins/evimeria/',
  ticker: 'EVI',
  shortDescription: 'Bringing charity to the blockchain',
  marketCap: '$264,005',
  category: 'charity' }


=========================


8
https://cryptoslate.com/cryptos/communication/page/1/
Total in category: communication page: 1 - 230
The last in the list
{ CoinName: 'MIRQ',
  CSSingleLink: 'https://cryptoslate.com/coins/mirq/',
  ticker: 'MRQ',
  shortDescription: 'POS & masternode powered',
  marketCap: '',
  category: 'communication' }


=========================


9
https://cryptoslate.com/cryptos/computing/page/1/
Total in category: computing page: 1 - 250
The last in the list
{ CoinName: 'HeroNode',
  CSSingleLink: 'https://cryptoslate.com/coins/heronode/',
  ticker: 'HER',
  shortDescription: 'The next generation decentralized blockchain fog computing platform',
  marketCap: '$2,209,505',
  category: 'computing' }


=========================


https://cryptoslate.com/cryptos/computing/page/2/
Total in category: computing page: 2 - 260
The last in the list
{ CoinName: 'SuperEdge',
  CSSingleLink: 'https://cryptoslate.com/coins/superedge/',
  ticker: 'ECT',
  shortDescription: 'Decentralized edge cloud computing clusty network',
  marketCap: '',
  category: 'computing' }


=========================


10
https://cryptoslate.com/cryptos/crowdfunding/page/1/
Total in category: crowdfunding page: 1 - 280
The last in the list
{ CoinName: 'ICO OpenLedger',
  CSSingleLink: 'https://cryptoslate.com/coins/ico-openledger/',
  ticker: 'ICOO',
  shortDescription: 'Digital crowdfunding platform',
  marketCap: '$107,379',
  category: 'crowdfunding' }


=========================


https://cryptoslate.com/cryptos/crowdfunding/page/2/
Total in category: crowdfunding page: 2 - 286
The last in the list
{ CoinName: 'SIGMAcoin',
  CSSingleLink: 'https://cryptoslate.com/coins/sigmacoin/',
  ticker: 'SIGMA',
  shortDescription: 'Distributed trade commerce ecosystem',
  marketCap: '',
  category: 'crowdfunding' }


=========================


11
https://cryptoslate.com/cryptos/debit-card/page/1/
Total in category: debit-card page: 1 - 300
The last in the list
{ CoinName: 'SalPay',
  CSSingleLink: 'https://cryptoslate.com/coins/salpay/',
  ticker: 'SAL',
  shortDescription: 'Fintech solution in the Philippines',
  marketCap: '',
  category: 'debit-card' }


=========================


12
https://cryptoslate.com/cryptos/ecommerce/page/1/
Total in category: ecommerce page: 1 - 315
The last in the list
{ CoinName: 'Wys Token',
  CSSingleLink: 'https://cryptoslate.com/coins/wysker/',
  ticker: 'WYS',
  shortDescription: 'Blockchain-powered mobile shopping',
  marketCap: '',
  category: 'ecommerce' }


=========================


13
https://cryptoslate.com/cryptos/education/page/1/
Total in category: education page: 1 - 327
The last in the list
{ CoinName: 'Qurito',
  CSSingleLink: 'https://cryptoslate.com/coins/qurito/',
  ticker: 'QURO',
  shortDescription: 'Curiosity redefined',
  marketCap: '',
  category: 'education' }


=========================


14
https://cryptoslate.com/cryptos/energy/page/1/
Total in category: energy page: 1 - 347
The last in the list
{ CoinName: 'Carboncoin',
  CSSingleLink: 'https://cryptoslate.com/coins/carboncoin/',
  ticker: 'CARBON',
  shortDescription: 'Energy efficient digital currency',
  marketCap: '$358,172',
  category: 'energy' }


=========================


https://cryptoslate.com/cryptos/energy/page/2/
Total in category: energy page: 2 - 349
The last in the list
{ CoinName: 'KWHCoin',
  CSSingleLink: 'https://cryptoslate.com/coins/kwhcoin/',
  ticker: 'KWH',
  shortDescription: 'Digital currency backed by kWh lowering solar cost',
  marketCap: '',
  category: 'energy' }


=========================


15
https://cryptoslate.com/cryptos/entertainment/page/1/
Total in category: entertainment page: 1 - 369
The last in the list
{ CoinName: 'HollyWoodCoin',
  CSSingleLink: 'https://cryptoslate.com/coins/hollywoodcoin/',
  ticker: 'HWC',
  shortDescription: 'Proof of stake cryptocurrency',
  marketCap: '$1,011,837',
  category: 'entertainment' }


=========================


https://cryptoslate.com/cryptos/entertainment/page/2/
Total in category: entertainment page: 2 - 389
The last in the list
{ CoinName: 'View',
  CSSingleLink: 'https://cryptoslate.com/coins/view/',
  ticker: 'VIEW',
  shortDescription: 'A tokenized video platform',
  marketCap: '$299,088',
  category: 'entertainment' }


=========================


https://cryptoslate.com/cryptos/entertainment/page/3/
Total in category: entertainment page: 3 - 408
The last in the list
{ CoinName: 'CMITCOIN',
  CSSingleLink: 'https://cryptoslate.com/coins/cmitcoin/',
  ticker: 'CMIT',
  shortDescription: 'The commerce of the inner markets',
  marketCap: '',
  category: 'entertainment' }


=========================


16
https://cryptoslate.com/cryptos/exchange/page/1/
Total in category: exchange page: 1 - 428
The last in the list
{ CoinName: 'Legolas Exchange',
  CSSingleLink: 'https://cryptoslate.com/coins/legolas-exchange/',
  ticker: 'LGO',
  shortDescription: 'New decentralized blockchain protocol',
  marketCap: '$10,457,028',
  category: 'exchange' }


=========================


https://cryptoslate.com/cryptos/exchange/page/2/
Total in category: exchange page: 2 - 448
The last in the list
{ CoinName: 'Coinsuper Ecosystem Network',
  CSSingleLink: 'https://cryptoslate.com/coins/coinsuper-ecosystem-network/',
  ticker: 'CEN',
  shortDescription: 'Connecting the financial world',
  marketCap: '$2,464,458',
  category: 'exchange' }


=========================


https://cryptoslate.com/cryptos/exchange/page/3/
Total in category: exchange page: 3 - 468
The last in the list
{ CoinName: 'BitSoar',
  CSSingleLink: 'https://cryptoslate.com/coins/bitsoar/',
  ticker: 'BSR',
  shortDescription: 'Peer to peer electronic currency',
  marketCap: '',
  category: 'exchange' }


=========================


https://cryptoslate.com/cryptos/exchange/page/4/
Total in category: exchange page: 4 - 473
The last in the list
{ CoinName: 'ALLCOIN',
  CSSingleLink: 'https://cryptoslate.com/coins/allcoin/',
  ticker: 'ALC',
  shortDescription: 'Global digital asset trading platform',
  marketCap: '',
  category: 'exchange' }


=========================


17
https://cryptoslate.com/cryptos/financial-service/page/1/
Total in category: financial-service page: 1 - 493
The last in the list
{ CoinName: 'Metal',
  CSSingleLink: 'https://cryptoslate.com/coins/metal/',
  ticker: 'MTL',
  shortDescription: 'Earn rewards every time you send or spend',
  marketCap: '$22,722,235',
  category: 'financial-service' }


=========================


https://cryptoslate.com/cryptos/financial-service/page/2/
Total in category: financial-service page: 2 - 513
The last in the list
{ CoinName: 'Everus',
  CSSingleLink: 'https://cryptoslate.com/coins/everus/',
  ticker: 'EVR',
  shortDescription: 'Cryptocurrency payment solution',
  marketCap: '$8,823,910',
  category: 'financial-service' }


=========================


https://cryptoslate.com/cryptos/financial-service/page/3/
Total in category: financial-service page: 3 - 533
The last in the list
{ CoinName: 'SureRemit',
  CSSingleLink: 'https://cryptoslate.com/coins/sureremit/',
  ticker: 'RMT',
  shortDescription: 'An ecosystem for global non-cash remittances',
  marketCap: '$5,100,681',
  category: 'financial-service' }


=========================


https://cryptoslate.com/cryptos/financial-service/page/4/
Total in category: financial-service page: 4 - 553
The last in the list
{ CoinName: 'WeTrust',
  CSSingleLink: 'https://cryptoslate.com/coins/wetrust/',
  ticker: 'TRST',
  shortDescription: 'Savings and insurance platform',
  marketCap: '$2,406,980',
  category: 'financial-service' }


=========================


https://cryptoslate.com/cryptos/financial-service/page/5/
Total in category: financial-service page: 5 - 573
The last in the list
{ CoinName: 'Abulaba',
  CSSingleLink: 'https://cryptoslate.com/coins/abulaba/',
  ticker: 'AAA',
  shortDescription: 'Peer-to-peer transactions in real-time',
  marketCap: '$1,015,835',
  category: 'financial-service' }


=========================


https://cryptoslate.com/cryptos/financial-service/page/6/
Total in category: financial-service page: 6 - 593
The last in the list
{ CoinName: 'DeltaChain',
  CSSingleLink: 'https://cryptoslate.com/coins/deltachain/',
  ticker: 'DELTA',
  shortDescription: 'Digital money for next generations',
  marketCap: '$78,331',
  category: 'financial-service' }


=========================


https://cryptoslate.com/cryptos/financial-service/page/7/
Total in category: financial-service page: 7 - 613
The last in the list
{ CoinName: 'Karatgold Coin',
  CSSingleLink: 'https://cryptoslate.com/coins/karatgold-coin/',
  ticker: 'KBC',
  shortDescription: 'A truly golden future for you and all humanity',
  marketCap: '',
  category: 'financial-service' }


=========================


https://cryptoslate.com/cryptos/financial-service/page/8/
Total in category: financial-service page: 8 - 633
The last in the list
{ CoinName: 'PayDay Coin',
  CSSingleLink: 'https://cryptoslate.com/coins/payday-coin/',
  ticker: 'PDX',
  shortDescription: 'P2P micro-loans on blockchain',
  marketCap: '',
  category: 'financial-service' }


=========================


https://cryptoslate.com/cryptos/financial-service/page/9/
Total in category: financial-service page: 9 - 643
The last in the list
{ CoinName: 'SalPay',
  CSSingleLink: 'https://cryptoslate.com/coins/salpay/',
  ticker: 'SAL',
  shortDescription: 'Fintech solution in the Philippines',
  marketCap: '',
  category: 'financial-service' }


=========================


18
https://cryptoslate.com/cryptos/gambling/page/1/
Total in category: gambling page: 1 - 663
The last in the list
{ CoinName: 'RouletteToken',
  CSSingleLink: 'https://cryptoslate.com/coins/roulettetoken/',
  ticker: 'RLT',
  shortDescription: 'Digital share of SmartRoulette',
  marketCap: '$160,853',
  category: 'gambling' }


=========================


https://cryptoslate.com/cryptos/gambling/page/2/
Total in category: gambling page: 2 - 679
The last in the list
{ CoinName: 'High Gain',
  CSSingleLink: 'https://cryptoslate.com/coins/high-gain/',
  ticker: 'HIGH',
  shortDescription: 'BTC holder\'s Online BlackJack',
  marketCap: '',
  category: 'gambling' }


=========================


19
https://cryptoslate.com/cryptos/gaming/page/1/
Total in category: gaming page: 1 - 699
The last in the list
{ CoinName: 'Experience Points',
  CSSingleLink: 'https://cryptoslate.com/coins/experience-points/',
  ticker: 'XP',
  shortDescription: 'Incentive Rewards & Digital Currency',
  marketCap: '$4,255,995',
  category: 'gaming' }


=========================


https://cryptoslate.com/cryptos/gaming/page/2/
Total in category: gaming page: 2 - 719
The last in the list
{ CoinName: 'IQeon',
  CSSingleLink: 'https://cryptoslate.com/coins/iqeon/',
  ticker: 'IQN',
  shortDescription: 'Decentralized gaming PvP platform',
  marketCap: '$530,193',
  category: 'gaming' }


=========================


https://cryptoslate.com/cryptos/gaming/page/3/
Total in category: gaming page: 3 - 739
The last in the list
{ CoinName: 'Ammo Reloaded',
  CSSingleLink: 'https://cryptoslate.com/coins/ammo-reloaded/',
  ticker: 'AMMO',
  shortDescription: 'Gaming community ecosystem with content monetization',
  marketCap: '$55,007',
  category: 'gaming' }


=========================


https://cryptoslate.com/cryptos/gaming/page/4/
Total in category: gaming page: 4 - 754
The last in the list
{ CoinName: 'PlayCoin [ERC20]',
  CSSingleLink: 'https://cryptoslate.com/coins/playcoin-erc20/',
  ticker: 'PLY',
  shortDescription: 'The game platform',
  marketCap: '',
  category: 'gaming' }


=========================


20
https://cryptoslate.com/cryptos/healthcare/page/1/
Total in category: healthcare page: 1 - 773
The last in the list
{ CoinName: 'NAM COIN',
  CSSingleLink: 'https://cryptoslate.com/coins/nam-coin/',
  ticker: 'NAM',
  shortDescription: 'Revolution in medical care with AI and Blockchain',
  marketCap: '',
  category: 'healthcare' }


=========================


21
https://cryptoslate.com/cryptos/identity/page/1/
Total in category: identity page: 1 - 793
The last in the list
{ CoinName: 'PRASM',
  CSSingleLink: 'https://cryptoslate.com/coins/prasm/',
  ticker: 'PSM',
  shortDescription: 'AI-based decentralized bioinformatic network',
  marketCap: '',
  category: 'identity' }


=========================


https://cryptoslate.com/cryptos/identity/page/2/
Total in category: identity page: 2 - 801
The last in the list
{ CoinName: 'Blockpass',
  CSSingleLink: 'https://cryptoslate.com/coins/blockpass/',
  ticker: 'PASS',
  shortDescription: 'A user centric self-sovereign identity portal',
  marketCap: '',
  category: 'identity' }


=========================


22
https://cryptoslate.com/cryptos/infrastructure/page/1/
Total in category: infrastructure page: 1 - 816
The last in the list
{ CoinName: 'ONG',
  CSSingleLink: 'https://cryptoslate.com/coins/ong/',
  ticker: 'ONG',
  shortDescription: 'High-performance public multi-chain project',
  marketCap: '',
  category: 'infrastructure' }


=========================


23
https://cryptoslate.com/cryptos/investing-tool/page/1/
Total in category: investing-tool page: 1 - 836
The last in the list
{ CoinName: 'Relex',
  CSSingleLink: 'https://cryptoslate.com/coins/relex/',
  ticker: 'RLX',
  shortDescription: 'Blockchain-based proxy real estate developer platform',
  marketCap: '$4,616,991',
  category: 'investing-tool' }


=========================


https://cryptoslate.com/cryptos/investing-tool/page/2/
Total in category: investing-tool page: 2 - 856
The last in the list
{ CoinName: 'Kryll',
  CSSingleLink: 'https://cryptoslate.com/coins/kryll/',
  ticker: 'KRL',
  shortDescription: 'Automated crypto-trading for everyone',
  marketCap: '$884,893',
  category: 'investing-tool' }


=========================


https://cryptoslate.com/cryptos/investing-tool/page/3/
Total in category: investing-tool page: 3 - 876
The last in the list
{ CoinName: 'BeeKan',
  CSSingleLink: 'https://cryptoslate.com/coins/bkbt/',
  ticker: 'BKBT',
  shortDescription: 'Value discovery platform for blockchain and digital currencies',
  marketCap: '',
  category: 'investing-tool' }


=========================


https://cryptoslate.com/cryptos/investing-tool/page/4/
Total in category: investing-tool page: 4 - 893
The last in the list
{ CoinName: 'ZTCoin',
  CSSingleLink: 'https://cryptoslate.com/coins/ztcoin/',
  ticker: 'ZT',
  shortDescription: 'Community-based trading platform',
  marketCap: '',
  category: 'investing-tool' }


=========================


24
https://cryptoslate.com/cryptos/iot/page/1/
Total in category: iot page: 1 - 913
The last in the list
{ CoinName: 'ThingsOperatingSystem',
  CSSingleLink: 'https://cryptoslate.com/coins/thingsoperatingsystem/',
  ticker: 'TOS',
  shortDescription: 'Decentralized layered block network technology based on SDAG',
  marketCap: '',
  category: 'iot' }


=========================


https://cryptoslate.com/cryptos/iot/page/2/
Total in category: iot page: 2 - 918
The last in the list
{ CoinName: 'Internet of Things',
  CSSingleLink: 'https://cryptoslate.com/coins/internet-of-things/',
  ticker: 'XOT',
  shortDescription: 'Decentralized autonomous organization',
  marketCap: '',
  category: 'iot' }


=========================


25
https://cryptoslate.com/cryptos/manufacturing/page/1/
Total in category: manufacturing page: 1 - 920
The last in the list
{ CoinName: 'Promotion Coin',
  CSSingleLink: 'https://cryptoslate.com/coins/promotion-coin/',
  ticker: 'PC',
  shortDescription: 'Decentralized promotion system',
  marketCap: '',
  category: 'manufacturing' }


=========================


26
https://cryptoslate.com/cryptos/marketplace/page/1/
Total in category: marketplace page: 1 - 940
The last in the list
{ CoinName: 'VIBE',
  CSSingleLink: 'https://cryptoslate.com/coins/vibe/',
  ticker: 'VIBE',
  shortDescription: 'Augmented Reality Marketplace & Hub',
  marketCap: '$15,638,371',
  category: 'marketplace' }


=========================


https://cryptoslate.com/cryptos/marketplace/page/2/
Total in category: marketplace page: 2 - 960
The last in the list
{ CoinName: 'FintruX Network',
  CSSingleLink: 'https://cryptoslate.com/coins/fintrux-network/',
  ticker: 'FTX',
  shortDescription: 'Making unsecured loans highly secure',
  marketCap: '$1,370,143',
  category: 'marketplace' }


=========================


https://cryptoslate.com/cryptos/marketplace/page/3/
Total in category: marketplace page: 3 - 980
The last in the list
{ CoinName: 'Neural Protocol',
  CSSingleLink: 'https://cryptoslate.com/coins/neural-protocol/',
  ticker: 'NRP',
  shortDescription: 'Payment gateway marketplace ecosystem',
  marketCap: '$164,755',
  category: 'marketplace' }


=========================


https://cryptoslate.com/cryptos/marketplace/page/4/
Total in category: marketplace page: 4 - 1000
The last in the list
{ CoinName: 'CARAT',
  CSSingleLink: 'https://cryptoslate.com/coins/carat/',
  ticker: 'CARAT',
  shortDescription: 'World\'s first financial diamond market',
  marketCap: '',
  category: 'marketplace' }


=========================


https://cryptoslate.com/cryptos/marketplace/page/5/
Total in category: marketplace page: 5 - 1006
The last in the list
{ CoinName: 'Puregold Token',
  CSSingleLink: 'https://cryptoslate.com/coins/puregold-token/',
  ticker: 'PGT',
  shortDescription: 'Payment gateway using gold-backed tokens',
  marketCap: '',
  category: 'marketplace' }


=========================


27
https://cryptoslate.com/cryptos/media/page/1/
Total in category: media page: 1 - 1018
The last in the list
{ CoinName: 'SnipCoin',
  CSSingleLink: 'https://cryptoslate.com/coins/snipcoin/',
  ticker: 'SNIP',
  shortDescription: 'The future of news on the blockchain',
  marketCap: '',
  category: 'media' }


=========================


28
https://cryptoslate.com/cryptos/mining-facility/page/1/
Total in category: mining-facility page: 1 - 1025
The last in the list
{ CoinName: 'Atlantis Blue Digital Token',
  CSSingleLink: 'https://cryptoslate.com/coins/atlantis-blue-token/',
  ticker: 'ABDT',
  shortDescription: 'A free trade larimar coin',
  marketCap: '',
  category: 'mining-facility' }


=========================


29
https://cryptoslate.com/cryptos/proof-of-stake/page/1/
Total in category: proof-of-stake page: 1 - 1045
The last in the list
{ CoinName: 'Nexus',
  CSSingleLink: 'https://cryptoslate.com/coins/nexus/',
  ticker: 'NXS',
  shortDescription: 'Decentralized, worldwide network',
  marketCap: '$41,983,736',
  category: 'proof-of-stake' }


=========================


https://cryptoslate.com/cryptos/proof-of-stake/page/2/
Total in category: proof-of-stake page: 2 - 1065
The last in the list
{ CoinName: 'ALQO',
  CSSingleLink: 'https://cryptoslate.com/coins/alqo/',
  ticker: 'XLQ',
  shortDescription: 'PoW/PoS Cryptocurrency',
  marketCap: '$11,774,633',
  category: 'proof-of-stake' }


=========================


https://cryptoslate.com/cryptos/proof-of-stake/page/3/
Total in category: proof-of-stake page: 3 - 1085
The last in the list
{ CoinName: 'VINChain',
  CSSingleLink: 'https://cryptoslate.com/coins/vinchain/',
  ticker: 'VIN',
  shortDescription: 'Decentralized vehicle history',
  marketCap: '$5,439,418',
  category: 'proof-of-stake' }


=========================


https://cryptoslate.com/cryptos/proof-of-stake/page/4/
Total in category: proof-of-stake page: 4 - 1105
The last in the list
{ CoinName: 'Vipstar Coin',
  CSSingleLink: 'https://cryptoslate.com/coins/vipstar-coin/',
  ticker: 'VIPS',
  shortDescription: 'Cryptocurrency originated from VIP',
  marketCap: '$2,798,798',
  category: 'proof-of-stake' }


=========================


https://cryptoslate.com/cryptos/proof-of-stake/page/5/
Total in category: proof-of-stake page: 5 - 1125
The last in the list
{ CoinName: 'TransferCoin',
  CSSingleLink: 'https://cryptoslate.com/coins/transfercoin/',
  ticker: 'TX',
  shortDescription: 'Cutting edge p2p digital network',
  marketCap: '$1,377,793',
  category: 'proof-of-stake' }


=========================


https://cryptoslate.com/cryptos/proof-of-stake/page/6/
Total in category: proof-of-stake page: 6 - 1145
The last in the list
{ CoinName: 'Gold Poker',
  CSSingleLink: 'https://cryptoslate.com/coins/gold-poker/',
  ticker: 'GPKR',
  shortDescription: 'Brand new revolutionary digital currency',
  marketCap: '$760,756',
  category: 'proof-of-stake' }


=========================


https://cryptoslate.com/cryptos/proof-of-stake/page/7/
Total in category: proof-of-stake page: 7 - 1165
The last in the list
{ CoinName: 'FORCE',
  CSSingleLink: 'https://cryptoslate.com/coins/force/',
  ticker: 'FOR',
  shortDescription: 'Proof of work cryptocurrency',
  marketCap: '$397,294',
  category: 'proof-of-stake' }


=========================


https://cryptoslate.com/cryptos/proof-of-stake/page/8/
Total in category: proof-of-stake page: 8 - 1185
The last in the list
{ CoinName: 'SmartFox',
  CSSingleLink: 'https://cryptoslate.com/coins/smartfox/',
  ticker: 'FOX',
  shortDescription: 'Decentralized cloud data storage solutions',
  marketCap: '$273,645',
  category: 'proof-of-stake' }


=========================


https://cryptoslate.com/cryptos/proof-of-stake/page/9/
Total in category: proof-of-stake page: 9 - 1205
The last in the list
{ CoinName: 'Litecoin Plus',
  CSSingleLink: 'https://cryptoslate.com/coins/litecoin-plus/',
  ticker: 'LCP',
  shortDescription: 'Litecoin with Proof of Stake',
  marketCap: '$140,131',
  category: 'proof-of-stake' }


=========================


https://cryptoslate.com/cryptos/proof-of-stake/page/10/
Total in category: proof-of-stake page: 10 - 1225
The last in the list
{ CoinName: 'TajCoin',
  CSSingleLink: 'https://cryptoslate.com/coins/tajcoin/',
  ticker: 'TAJ',
  shortDescription: 'Decentralized open source cryptocurrency',
  marketCap: '$52,082',
  category: 'proof-of-stake' }


=========================


https://cryptoslate.com/cryptos/proof-of-stake/page/11/
Total in category: proof-of-stake page: 11 - 1245
The last in the list
{ CoinName: 'BuzzCoin',
  CSSingleLink: 'https://cryptoslate.com/coins/buzzcoin/',
  ticker: 'BUZZ',
  shortDescription: 'PoW/PoS cryptocurrency',
  marketCap: '$580,590',
  category: 'proof-of-stake' }


=========================


https://cryptoslate.com/cryptos/proof-of-stake/page/12/
Total in category: proof-of-stake page: 12 - 1265
The last in the list
{ CoinName: 'Bitcloud',
  CSSingleLink: 'https://cryptoslate.com/coins/bitcloud/',
  ticker: 'BTDX',
  shortDescription: 'Proof of stake coin',
  marketCap: '$271,639',
  category: 'proof-of-stake' }


=========================


https://cryptoslate.com/cryptos/proof-of-stake/page/13/
Total in category: proof-of-stake page: 13 - 1285
The last in the list
{ CoinName: 'Triangles',
  CSSingleLink: 'https://cryptoslate.com/coins/triangles/',
  ticker: 'TRI',
  shortDescription: 'Open source, p2p payment gateway',
  marketCap: '$168,945',
  category: 'proof-of-stake' }


=========================


https://cryptoslate.com/cryptos/proof-of-stake/page/14/
Total in category: proof-of-stake page: 14 - 1305
The last in the list
{ CoinName: 'Coin2.1',
  CSSingleLink: 'https://cryptoslate.com/coins/coin2-1/',
  ticker: 'C2',
  shortDescription: 'Coin for gamers',
  marketCap: '$92,989',
  category: 'proof-of-stake' }


=========================


https://cryptoslate.com/cryptos/proof-of-stake/page/15/
Total in category: proof-of-stake page: 15 - 1325
The last in the list
{ CoinName: 'Evil Coin',
  CSSingleLink: 'https://cryptoslate.com/coins/evil-coin/',
  ticker: 'EVIL',
  shortDescription: 'Coin that embraces evil',
  marketCap: '$54,338',
  category: 'proof-of-stake' }


=========================


https://cryptoslate.com/cryptos/proof-of-stake/page/16/
Total in category: proof-of-stake page: 16 - 1345
The last in the list
{ CoinName: 'Theresa May Coin',
  CSSingleLink: 'https://cryptoslate.com/coins/theresa-may-coin/',
  ticker: 'MAY',
  shortDescription: 'Cryptocurrency dedicated to Theresa May',
  marketCap: '$28,561',
  category: 'proof-of-stake' }


=========================


https://cryptoslate.com/cryptos/proof-of-stake/page/17/
Total in category: proof-of-stake page: 17 - 1365
The last in the list
{ CoinName: 'Iconic',
  CSSingleLink: 'https://cryptoslate.com/coins/iconic/',
  ticker: 'ICON',
  shortDescription: 'Blockchain engineering',
  marketCap: '$20,741',
  category: 'proof-of-stake' }


=========================


https://cryptoslate.com/cryptos/proof-of-stake/page/18/
Total in category: proof-of-stake page: 18 - 1385
The last in the list
{ CoinName: 'Alibabacoin',
  CSSingleLink: 'https://cryptoslate.com/coins/alibabacoin/',
  ticker: 'ABBC',
  shortDescription: 'The future of payment security',
  marketCap: '',
  category: 'proof-of-stake' }


=========================


https://cryptoslate.com/cryptos/proof-of-stake/page/19/
Total in category: proof-of-stake page: 19 - 1405
The last in the list
{ CoinName: 'EmberCoin',
  CSSingleLink: 'https://cryptoslate.com/coins/embercoin/',
  ticker: 'EMB',
  shortDescription: 'The highest yielding PoS coin',
  marketCap: '$51,762,398',
  category: 'proof-of-stake' }


=========================


https://cryptoslate.com/cryptos/proof-of-stake/page/20/
Total in category: proof-of-stake page: 20 - 1425
The last in the list
{ CoinName: 'GIGA',
  CSSingleLink: 'https://cryptoslate.com/coins/giga/',
  ticker: 'XG',
  shortDescription: 'Superfast zerocoin privacy cryptocurrency',
  marketCap: '',
  category: 'proof-of-stake' }


=========================


https://cryptoslate.com/cryptos/proof-of-stake/page/21/
Total in category: proof-of-stake page: 21 - 1445
The last in the list
{ CoinName: 'Aces',
  CSSingleLink: 'https://cryptoslate.com/coins/aces/',
  ticker: 'ACES',
  shortDescription: 'Abandoned proof of stake coin',
  marketCap: '',
  category: 'proof-of-stake' }


=========================


https://cryptoslate.com/cryptos/proof-of-stake/page/22/
Total in category: proof-of-stake page: 22 - 1453
The last in the list
{ CoinName: 'EmaratCoin',
  CSSingleLink: 'https://cryptoslate.com/coins/emaratcoin/',
  ticker: 'AEC',
  shortDescription: 'Private, secure, untraceable currency',
  marketCap: '',
  category: 'proof-of-stake' }


=========================


30
https://cryptoslate.com/cryptos/proof-of-work/page/1/
Total in category: proof-of-work page: 1 - 1473
The last in the list
{ CoinName: 'Ravencoin',
  CSSingleLink: 'https://cryptoslate.com/coins/ravencoin/',
  ticker: 'RVN',
  shortDescription: 'Digital peer to peer network for the facilitation of asset transfers',
  marketCap: '$107,176,159',
  category: 'proof-of-work' }


=========================


https://cryptoslate.com/cryptos/proof-of-work/page/2/
Total in category: proof-of-work page: 2 - 1493
The last in the list
{ CoinName: 'Bitcoin Interest',
  CSSingleLink: 'https://cryptoslate.com/coins/bitcoin-interest/',
  ticker: 'BCI',
  shortDescription: 'Decentralized savings community',
  marketCap: '$15,941,706',
  category: 'proof-of-work' }


=========================


https://cryptoslate.com/cryptos/proof-of-work/page/3/
Total in category: proof-of-work page: 3 - 1513
The last in the list
{ CoinName: 'LBRY Credits',
  CSSingleLink: 'https://cryptoslate.com/coins/lbry-credits/',
  ticker: 'LBC',
  shortDescription: 'Free community-run digital marketplace',
  marketCap: '$9,660,550',
  category: 'proof-of-work' }


=========================


https://cryptoslate.com/cryptos/proof-of-work/page/4/
Total in category: proof-of-work page: 4 - 1533
The last in the list
{ CoinName: 'MktCoin',
  CSSingleLink: 'https://cryptoslate.com/coins/mktcoin/',
  ticker: 'MLM',
  shortDescription: 'Proof of work cryptocurrency',
  marketCap: '$5,775,968',
  category: 'proof-of-work' }


=========================


https://cryptoslate.com/cryptos/proof-of-work/page/5/
Total in category: proof-of-work page: 5 - 1553
The last in the list
{ CoinName: 'Musicoin',
  CSSingleLink: 'https://cryptoslate.com/coins/musicoin/',
  ticker: 'MUSIC',
  shortDescription: 'Cryptocurrency for the music industry',
  marketCap: '$3,994,014',
  category: 'proof-of-work' }


=========================


https://cryptoslate.com/cryptos/proof-of-work/page/6/
Total in category: proof-of-work page: 6 - 1573
The last in the list
{ CoinName: 'GoByte',
  CSSingleLink: 'https://cryptoslate.com/coins/gobyte/',
  ticker: 'GBX',
  shortDescription: 'ASIC resistant coin using the NeoScrypt hashing algorithm',
  marketCap: '$2,514,612',
  category: 'proof-of-work' }


=========================


https://cryptoslate.com/cryptos/proof-of-work/page/7/
Total in category: proof-of-work page: 7 - 1593
The last in the list
{ CoinName: 'Project Coin',
  CSSingleLink: 'https://cryptoslate.com/coins/project-coin/',
  ticker: 'PRJ',
  shortDescription: 'Plan your own cryptocurrency',
  marketCap: '$1,526,044',
  category: 'proof-of-work' }


=========================


https://cryptoslate.com/cryptos/proof-of-work/page/8/
Total in category: proof-of-work page: 8 - 1613
The last in the list
{ CoinName: 'NewYorkCoin',
  CSSingleLink: 'https://cryptoslate.com/coins/newyorkcoin/',
  ticker: 'NYC',
  shortDescription: 'Cryptocurrency for the citizens of New York',
  marketCap: '$946,400',
  category: 'proof-of-work' }


=========================


https://cryptoslate.com/cryptos/proof-of-work/page/9/
Total in category: proof-of-work page: 9 - 1633
The last in the list
{ CoinName: 'Pesetacoin',
  CSSingleLink: 'https://cryptoslate.com/coins/pesetacoin/',
  ticker: 'PTC',
  shortDescription: 'Decentralized cryptocurrency for Spanish countries',
  marketCap: '$696,931',
  category: 'proof-of-work' }


=========================


https://cryptoslate.com/cryptos/proof-of-work/page/10/
Total in category: proof-of-work page: 10 - 1653
The last in the list
{ CoinName: 'Gainer',
  CSSingleLink: 'https://cryptoslate.com/coins/gainer/',
  ticker: 'GNR',
  shortDescription: 'A masternode coin',
  marketCap: '$412,036',
  category: 'proof-of-work' }


=========================


https://cryptoslate.com/cryptos/proof-of-work/page/11/
Total in category: proof-of-work page: 11 - 1673
The last in the list
{ CoinName: 'Ignition',
  CSSingleLink: 'https://cryptoslate.com/coins/ignition/',
  ticker: 'IC',
  shortDescription: 'Store of Value on the Blockchain',
  marketCap: '$272,615',
  category: 'proof-of-work' }


=========================


https://cryptoslate.com/cryptos/proof-of-work/page/12/
Total in category: proof-of-work page: 12 - 1693
The last in the list
{ CoinName: 'GrandCoin',
  CSSingleLink: 'https://cryptoslate.com/coins/grandcoin/',
  ticker: 'GDC',
  shortDescription: 'Litecoin-based cryptocurrency',
  marketCap: '$170,553',
  category: 'proof-of-work' }


=========================


https://cryptoslate.com/cryptos/proof-of-work/page/13/
Total in category: proof-of-work page: 13 - 1713
The last in the list
{ CoinName: 'SteepCoin',
  CSSingleLink: 'https://cryptoslate.com/coins/steepcoin/',
  ticker: 'STEEP',
  shortDescription: 'PoW/ PoS coin',
  marketCap: '$78,286',
  category: 'proof-of-work' }


=========================


https://cryptoslate.com/cryptos/proof-of-work/page/14/
Total in category: proof-of-work page: 14 - 1733
The last in the list
{ CoinName: 'CHIPS',
  CSSingleLink: 'https://cryptoslate.com/coins/chips/',
  ticker: 'CHIPS',
  shortDescription: 'Platform with realtime betting',
  marketCap: '$1,156,617',
  category: 'proof-of-work' }


=========================


https://cryptoslate.com/cryptos/proof-of-work/page/15/
Total in category: proof-of-work page: 15 - 1753
The last in the list
{ CoinName: 'WomenCoin',
  CSSingleLink: 'https://cryptoslate.com/coins/womencoin/',
  ticker: 'WOMEN',
  shortDescription: 'Cryptocurrency for women',
  marketCap: '$431,082',
  category: 'proof-of-work' }


=========================


https://cryptoslate.com/cryptos/proof-of-work/page/16/
Total in category: proof-of-work page: 16 - 1773
The last in the list
{ CoinName: 'HOdlcoin',
  CSSingleLink: 'https://cryptoslate.com/coins/hodlcoin/',
  ticker: 'HODL',
  shortDescription: 'Proof of work cryptocurrency',
  marketCap: '$269,101',
  category: 'proof-of-work' }


=========================


https://cryptoslate.com/cryptos/proof-of-work/page/17/
Total in category: proof-of-work page: 17 - 1793
The last in the list
{ CoinName: 'AdCoin',
  CSSingleLink: 'https://cryptoslate.com/coins/adcoin/',
  ticker: 'ACC',
  shortDescription: 'Lite version of Bitcoin using scrypt',
  marketCap: '$177,532',
  category: 'proof-of-work' }


=========================


https://cryptoslate.com/cryptos/proof-of-work/page/18/
Total in category: proof-of-work page: 18 - 1813
The last in the list
{ CoinName: 'SmartCoin',
  CSSingleLink: 'https://cryptoslate.com/coins/smartcoin/',
  ticker: 'SMC',
  shortDescription: 'Open source P2P cryptocurrency',
  marketCap: '$115,849',
  category: 'proof-of-work' }


=========================


https://cryptoslate.com/cryptos/proof-of-work/page/19/
Total in category: proof-of-work page: 19 - 1833
The last in the list
{ CoinName: 'RevolverCoin',
  CSSingleLink: 'https://cryptoslate.com/coins/revolvercoin/',
  ticker: 'XRE',
  shortDescription: 'Innovative reward and crowdfunding solution',
  marketCap: '$80,699',
  category: 'proof-of-work' }


=========================


https://cryptoslate.com/cryptos/proof-of-work/page/20/
Total in category: proof-of-work page: 20 - 1853
The last in the list
{ CoinName: 'SecureCoin',
  CSSingleLink: 'https://cryptoslate.com/coins/securecoin/',
  ticker: 'SRC',
  shortDescription: 'Proof of work cryptocurrency',
  marketCap: '$59,749',
  category: 'proof-of-work' }


=========================


https://cryptoslate.com/cryptos/proof-of-work/page/21/
Total in category: proof-of-work page: 21 - 1873
The last in the list
{ CoinName: 'GlobalToken',
  CSSingleLink: 'https://cryptoslate.com/coins/globaltoken/',
  ticker: 'GLT',
  shortDescription: 'PoW SHA256 Algo Coin',
  marketCap: '$42,655',
  category: 'proof-of-work' }


=========================


https://cryptoslate.com/cryptos/proof-of-work/page/22/
Total in category: proof-of-work page: 22 - 1893
The last in the list
{ CoinName: 'SOILcoin',
  CSSingleLink: 'https://cryptoslate.com/coins/soilcoin/',
  ticker: 'SOIL',
  shortDescription: 'Ethereum-parallel cryptocurrency',
  marketCap: '$27,129',
  category: 'proof-of-work' }


=========================


https://cryptoslate.com/cryptos/proof-of-work/page/23/
Total in category: proof-of-work page: 23 - 1913
The last in the list
{ CoinName: 'Credence Coin',
  CSSingleLink: 'https://cryptoslate.com/coins/credence-coin/',
  ticker: 'CRDNC',
  shortDescription: 'Hybrid cryptocurrency',
  marketCap: '$20,373',
  category: 'proof-of-work' }


=========================


https://cryptoslate.com/cryptos/proof-of-work/page/24/
Total in category: proof-of-work page: 24 - 1933
The last in the list
{ CoinName: 'LiteBitcoin',
  CSSingleLink: 'https://cryptoslate.com/coins/litebitcoin/',
  ticker: 'LBTC',
  shortDescription: 'Decentralized and open-source cryptocurrency',
  marketCap: '$11,166',
  category: 'proof-of-work' }


=========================


https://cryptoslate.com/cryptos/proof-of-work/page/25/
Total in category: proof-of-work page: 25 - 1953
The last in the list
{ CoinName: 'Super Bitcoin [Futures]',
  CSSingleLink: 'https://cryptoslate.com/coins/super-bitcoin-futures/',
  ticker: 'SBTC',
  shortDescription: 'Experimental hard fork of Bitcoin',
  marketCap: '',
  category: 'proof-of-work' }


=========================


https://cryptoslate.com/cryptos/proof-of-work/page/26/
Total in category: proof-of-work page: 26 - 1973
The last in the list
{ CoinName: 'Bitcoin File',
  CSSingleLink: 'https://cryptoslate.com/coins/bitcoin-file/',
  ticker: 'BIFI',
  shortDescription: 'Distributed network storage system',
  marketCap: '',
  category: 'proof-of-work' }


=========================


https://cryptoslate.com/cryptos/proof-of-work/page/27/
Total in category: proof-of-work page: 27 - 1993
The last in the list
{ CoinName: 'Elliot Coin',
  CSSingleLink: 'https://cryptoslate.com/coins/elliot-coin/',
  ticker: 'ELLI',
  shortDescription: 'Cryptocurrency integrated to mobile game app',
  marketCap: '',
  category: 'proof-of-work' }


=========================


https://cryptoslate.com/cryptos/proof-of-work/page/28/
Total in category: proof-of-work page: 28 - 2013
The last in the list
{ CoinName: 'BetaCoin',
  CSSingleLink: 'https://cryptoslate.com/coins/betacoin/',
  ticker: 'BET',
  shortDescription: 'Abandoned hybrid cryptocurrency',
  marketCap: '',
  category: 'proof-of-work' }


=========================


https://cryptoslate.com/cryptos/proof-of-work/page/29/
Total in category: proof-of-work page: 29 - 2027
The last in the list
{ CoinName: 'EmaratCoin',
  CSSingleLink: 'https://cryptoslate.com/coins/emaratcoin/',
  ticker: 'AEC',
  shortDescription: 'Private, secure, untraceable currency',
  marketCap: '',
  category: 'proof-of-work' }


=========================


31
https://cryptoslate.com/cryptos/prediction/page/1/
Total in category: prediction page: 1 - 2038
The last in the list
{ CoinName: 'SEER',
  CSSingleLink: 'https://cryptoslate.com/coins/seer/',
  ticker: 'SEER',
  shortDescription: 'Blockchain-based decentralized prediction market',
  marketCap: '',
  category: 'prediction' }


=========================


32
https://cryptoslate.com/cryptos/privacy/page/1/
Total in category: privacy page: 1 - 2058
The last in the list
{ CoinName: 'Spectrecoin',
  CSSingleLink: 'https://cryptoslate.com/coins/spectrecoin/',
  ticker: 'XSPEC',
  shortDescription: 'Premier privacy-focused cryptocurrency',
  marketCap: '$4,726,100',
  category: 'privacy' }


=========================


https://cryptoslate.com/cryptos/privacy/page/2/
Total in category: privacy page: 2 - 2076
The last in the list
{ CoinName: 'Adenz',
  CSSingleLink: 'https://cryptoslate.com/coins/adenz/',
  ticker: 'DNZ',
  shortDescription: 'Cryptocurrency with increased anonymity and security',
  marketCap: '',
  category: 'privacy' }


=========================


33
https://cryptoslate.com/cryptos/real-estate/page/1/
Total in category: real-estate page: 1 - 2090
The last in the list
{ CoinName: 'Cybereits',
  CSSingleLink: 'https://cryptoslate.com/coins/cybereits/',
  ticker: 'CRE',
  shortDescription: 'Global block chain online real estate trading platform',
  marketCap: '',
  category: 'real-estate' }


=========================


34
https://cryptoslate.com/cryptos/social/page/1/
Total in category: social page: 1 - 2110
The last in the list
{ CoinName: 'ALIS',
  CSSingleLink: 'https://cryptoslate.com/coins/alis/',
  ticker: 'ALIS',
  shortDescription: 'Social media platform in Japan',
  marketCap: '$2,083,380',
  category: 'social' }


=========================


https://cryptoslate.com/cryptos/social/page/2/
Total in category: social page: 2 - 2130
The last in the list
{ CoinName: 'Waletoken',
  CSSingleLink: 'https://cryptoslate.com/coins/waletoken/',
  ticker: 'WTN',
  shortDescription: 'The best chatting platform',
  marketCap: '$316,233',
  category: 'social' }


=========================


https://cryptoslate.com/cryptos/social/page/3/
Total in category: social page: 3 - 2150
The last in the list
{ CoinName: 'Alttex',
  CSSingleLink: 'https://cryptoslate.com/coins/alttex/',
  ticker: 'ALTX',
  shortDescription: 'Consortium that unites a decentralized exchange',
  marketCap: '',
  category: 'social' }


=========================


https://cryptoslate.com/cryptos/social/page/4/
Total in category: social page: 4 - 2152
The last in the list
{ CoinName: 'EA Coin',
  CSSingleLink: 'https://cryptoslate.com/coins/ea-coin/',
  ticker: 'EAG',
  shortDescription: 'Platform for business and social networking transactions',
  marketCap: '',
  category: 'social' }


=========================


35
https://cryptoslate.com/cryptos/software/page/1/
Total in category: software page: 1 - 2172
The last in the list
{ CoinName: 'HashCoin',
  CSSingleLink: 'https://cryptoslate.com/coins/hashcoin/',
  ticker: 'HSC',
  shortDescription: 'Platform for digital assets affirmation and circulation',
  marketCap: '$4,565,002',
  category: 'software' }


=========================


https://cryptoslate.com/cryptos/software/page/2/
Total in category: software page: 2 - 2192
The last in the list
{ CoinName: 'Olive',
  CSSingleLink: 'https://cryptoslate.com/coins/olive/',
  ticker: 'OLE',
  shortDescription: 'World\'s first tokenized live online ecology',
  marketCap: '$1,404,584',
  category: 'software' }


=========================


https://cryptoslate.com/cryptos/software/page/3/
Total in category: software page: 3 - 2212
The last in the list
{ CoinName: 'HYCON',
  CSSingleLink: 'https://cryptoslate.com/coins/hycon/',
  ticker: 'HYC',
  shortDescription: 'Powering hyperconnected blockchain solutions',
  marketCap: '',
  category: 'software' }


=========================


https://cryptoslate.com/cryptos/software/page/4/
Total in category: software page: 4 - 2232
The last in the list
{ CoinName: 'Ordocoin',
  CSSingleLink: 'https://cryptoslate.com/coins/ordocoin/',
  ticker: 'RDC',
  shortDescription: 'Next-generation video sharing platform',
  marketCap: '',
  category: 'software' }


=========================


https://cryptoslate.com/cryptos/software/page/5/
Total in category: software page: 5 - 2237
The last in the list
{ CoinName: 'Fcoin Token',
  CSSingleLink: 'https://cryptoslate.com/coins/fcoin-token/',
  ticker: 'FT',
  shortDescription: 'The most powerful infrastructure for decentralized applications',
  marketCap: '',
  category: 'software' }


=========================


36
https://cryptoslate.com/cryptos/stablecoin/page/1/
Total in category: stablecoin page: 1 - 2252
The last in the list
{ CoinName: 'CORION',
  CSSingleLink: 'https://cryptoslate.com/coins/corion/',
  ticker: 'COR',
  shortDescription: 'Stablecoin on the ETC blockchain',
  marketCap: '',
  category: 'stablecoin' }


=========================


37
https://cryptoslate.com/cryptos/storage/page/1/
Total in category: storage page: 1 - 2271
The last in the list
{ CoinName: 'Couchain',
  CSSingleLink: 'https://cryptoslate.com/coins/couchain/',
  ticker: 'COU',
  shortDescription: 'The blockchain redefining your world',
  marketCap: '',
  category: 'storage' }


=========================


38
https://cryptoslate.com/cryptos/ticketing/page/1/
Total in category: ticketing page: 1 - 2272
The last in the list
{ CoinName: 'BOXX Token [Blockparty]',
  CSSingleLink: 'https://cryptoslate.com/coins/boxx-token-blockparty/',
  ticker: 'BOXX',
  shortDescription: 'Revolutionizing events and ticketing with cryptocurrency',
  marketCap: '$4,711,073',
  category: 'ticketing' }


=========================


39
https://cryptoslate.com/cryptos/transportation/page/1/
Total in category: transportation page: 1 - 2289
The last in the list
{ CoinName: 'ParkinGo',
  CSSingleLink: 'https://cryptoslate.com/coins/parkingo/',
  ticker: 'GOT',
  shortDescription: 'Innovating mobility through the blockchain',
  marketCap: '',
  category: 'transportation' }


=========================


40
https://cryptoslate.com/cryptos/travel/page/1/
Total in category: travel page: 1 - 2304
The last in the list
{ CoinName: 'EZOOW',
  CSSingleLink: 'https://cryptoslate.com/coins/ezoow/',
  ticker: 'EZW',
  shortDescription: 'Blockchain booking solution',
  marketCap: '',
  category: 'travel' }


=========================


41
https://cryptoslate.com/cryptos/virtual-reality/page/1/
Total in category: virtual-reality page: 1 - 2311
The last in the list
{ CoinName: 'GazeCoin',
  CSSingleLink: 'https://cryptoslate.com/coins/gazecoin/',
  ticker: 'GZE',
  shortDescription: 'A decentralized attention-based VR/ AR economy',
  marketCap: '',
  category: 'virtual-reality' }


=========================




=========================


[ { CoinName: 'Motocoin',
    CSSingleLink: 'https://cryptoslate.com/coins/motocoin/',
    ticker: 'MOTO',
    shortDescription: 'Abandoned proof of work cryptocurrency',
    marketCap: '$1,907,269',
    category: 'abandoned' },
  { CoinName: 'WeAreSatoshi',
    CSSingleLink: 'https://cryptoslate.com/coins/wearesatoshi/',
    ticker: 'WSX',
    shortDescription: 'Abandoned hybrid cryptocurrency',
    marketCap: '$697,618',
    category: 'abandoned' },
  { CoinName: 'Advanced Internet Blocks',
    CSSingleLink: 'https://cryptoslate.com/coins/advanced-internet-blocks/',
    ticker: 'AIB',
    shortDescription: 'Abandoned proof of work cryptocurrency',
    marketCap: '$453,006',
    category: 'abandoned' },
  { CoinName: 'AllSafe',
    CSSingleLink: 'https://cryptoslate.com/coins/allsafe/',
    ticker: 'ASAFE2',
    shortDescription: 'Abandoned proof of stake coin',
    marketCap: '$213,501',
    category: 'abandoned' },
  { CoinName: 'EDRCoin',
    CSSingleLink: 'https://cryptoslate.com/coins/edrcoin/',
    ticker: 'EDRC',
    shortDescription: 'Abandoned proof of work cryptocurrency',
    marketCap: '$190,627',
    category: 'abandoned' },
  { CoinName: 'BlazeCoin',
    CSSingleLink: 'https://cryptoslate.com/coins/blazecoin/',
    ticker: 'BLZ',
    shortDescription: 'Digital currency backed by Blazecoin foundation',
    marketCap: '$117,961',
    category: 'abandoned' },
  { CoinName: 'Quebecoin',
    CSSingleLink: 'https://cryptoslate.com/coins/quebecoin/',
    ticker: 'QBC',
    shortDescription: 'Abandoned proof of work cryptocurrency',
    marketCap: '$55,537',
    category: 'abandoned' },
  { CoinName: 'High Voltage',
    CSSingleLink: 'https://cryptoslate.com/coins/high-voltage/',
    ticker: 'HVCO',
    shortDescription: 'Hybrid cryptocurrency',
    marketCap: '$40,456',
    category: 'abandoned' },
  { CoinName: 'Elysium',
    CSSingleLink: 'https://cryptoslate.com/coins/elysium/',
    ticker: 'ELS',
    shortDescription: 'Proof of work cryptocurrency',
    marketCap: '$32,603',
    category: 'abandoned' },
  { CoinName: 'JobsCoin',
    CSSingleLink: 'https://cryptoslate.com/coins/jobscoin/',
    ticker: 'JOBS',
    shortDescription: 'Hybrid cryptocurrency',
    marketCap: '$27,338',
    category: 'abandoned' },
  { CoinName: 'PosEx',
    CSSingleLink: 'https://cryptoslate.com/coins/posex/',
    ticker: 'PEX',
    shortDescription: 'Hybrid cryptocurrency',
    marketCap: '$25,100',
    category: 'abandoned' },
  { CoinName: 'Zayedcoin',
    CSSingleLink: 'https://cryptoslate.com/coins/zayedcoin/',
    ticker: 'ZYD',
    shortDescription: 'Proof of work cryptocurrency',
    marketCap: '$23,862',
    category: 'abandoned' },
  { CoinName: 'Cabbage',
    CSSingleLink: 'https://cryptoslate.com/coins/cabbage/',
    ticker: 'CAB',
    shortDescription: 'Decentralized blockchain-based P2P digital token',
    marketCap: '$21,765',
    category: 'abandoned' },
  { CoinName: 'BowsCoin',
    CSSingleLink: 'https://cryptoslate.com/coins/bowscoin/',
    ticker: 'BSC',
    shortDescription: 'Proof of work cryptocurrency',
    marketCap: '$16,178',
    category: 'abandoned' },
  { CoinName: 'Luna Coin',
    CSSingleLink: 'https://cryptoslate.com/coins/luna-coin/',
    ticker: 'LUNA',
    shortDescription: 'Hybrid cryptocurrency',
    marketCap: '$15,184',
    category: 'abandoned' },
  { CoinName: 'iBank',
    CSSingleLink: 'https://cryptoslate.com/coins/ibank/',
    ticker: 'IBANK',
    shortDescription: 'Hybrid cryptocurrency',
    marketCap: '$10,262',
    category: 'abandoned' },
  { CoinName: 'Dollar Online',
    CSSingleLink: 'https://cryptoslate.com/coins/dollar-online/',
    ticker: 'DOLLAR',
    shortDescription: 'Hybrid cryptocurrency',
    marketCap: '$4,687',
    category: 'abandoned' },
  { CoinName: 'Argus',
    CSSingleLink: 'https://cryptoslate.com/coins/argus/',
    ticker: 'ARGUS',
    shortDescription: 'Open source layer P2P accounting + auditing tool',
    marketCap: '$3,645',
    category: 'abandoned' },
  { CoinName: 'Save and Gain',
    CSSingleLink: 'https://cryptoslate.com/coins/save-and-gain/',
    ticker: 'SANDG',
    shortDescription: 'Hybrid cryptocurrency',
    marketCap: '$3,101',
    category: 'abandoned' },
  { CoinName: 'Animecoin',
    CSSingleLink: 'https://cryptoslate.com/coins/animecoin/',
    ticker: 'ANI',
    shortDescription: 'Abandoned proof of work cryptocurrency',
    marketCap: '',
    category: 'abandoned' },
  { CoinName: 'RabbitCoin',
    CSSingleLink: 'https://cryptoslate.com/coins/rabbitcoin/',
    ticker: 'RBBT',
    shortDescription: 'Abandoned proof of work cryptocurrency',
    marketCap: '',
    category: 'abandoned' },
  { CoinName: 'Alphabit',
    CSSingleLink: 'https://cryptoslate.com/coins/alphabit/',
    ticker: 'ABC',
    shortDescription: 'Token on the Ethereum blockchain',
    marketCap: '',
    category: 'abandoned' },
  { CoinName: 'Axiom',
    CSSingleLink: 'https://cryptoslate.com/coins/axiom/',
    ticker: 'AXIOM',
    shortDescription: 'Abandoned proof of work cryptocurrency',
    marketCap: '',
    category: 'abandoned' },
  { CoinName: 'UniversalRoyalCoin',
    CSSingleLink: 'https://cryptoslate.com/coins/universalroyalcoin/',
    ticker: 'UNRC',
    shortDescription: 'Abandoned proof of stake coin',
    marketCap: '',
    category: 'abandoned' },
  { CoinName: 'BetaCoin',
    CSSingleLink: 'https://cryptoslate.com/coins/betacoin/',
    ticker: 'BET',
    shortDescription: 'Abandoned hybrid cryptocurrency',
    marketCap: '',
    category: 'abandoned' },
  { CoinName: 'Tellurion',
    CSSingleLink: 'https://cryptoslate.com/coins/tellurion/',
    ticker: 'TELL',
    shortDescription: 'Abandoned hybrid cryptocurrency',
    marketCap: '',
    category: 'abandoned' },
  { CoinName: 'AvatarCoin',
    CSSingleLink: 'https://cryptoslate.com/coins/avatarcoin/',
    ticker: 'AV',
    shortDescription: 'Abandoned proof of stake coin',
    marketCap: '',
    category: 'abandoned' },
  { CoinName: 'GoldMaxCoin',
    CSSingleLink: 'https://cryptoslate.com/coins/goldmaxcoin/',
    ticker: 'GMX',
    shortDescription: 'Lite version of Bitcoin using scrypt',
    marketCap: '',
    category: 'abandoned' },
  { CoinName: 'RichCoin',
    CSSingleLink: 'https://cryptoslate.com/coins/richcoin/',
    ticker: 'RICHX',
    shortDescription: 'Abandoned proof of work cryptocurrency',
    marketCap: '',
    category: 'abandoned' },
  { CoinName: 'Aces',
    CSSingleLink: 'https://cryptoslate.com/coins/aces/',
    ticker: 'ACES',
    shortDescription: 'Abandoned proof of stake coin',
    marketCap: '',
    category: 'abandoned' },
  { CoinName: 'Wink',
    CSSingleLink: 'https://cryptoslate.com/coins/wink/',
    ticker: 'WINK',
    shortDescription: 'Abandoned proof of stake coin',
    marketCap: '',
    category: 'abandoned' },
  { CoinName: 'SpankChain',
    CSSingleLink: 'https://cryptoslate.com/coins/spankchain/',
    ticker: 'SPANK',
    shortDescription: 'Token for adult entertainment industry',
    marketCap: '$16,402,426',
    category: 'adult' },
  { CoinName: 'Vice Industry Token',
    CSSingleLink: 'https://cryptoslate.com/coins/vice-industry-token/',
    ticker: 'VIT',
    shortDescription: 'The revolutionary adult cryptocurrency',
    marketCap: '$876,408',
    category: 'adult' },
  { CoinName: 'BunnyToken',
    CSSingleLink: 'https://cryptoslate.com/coins/bunnytoken/',
    ticker: 'BUNNY',
    shortDescription: 'Payment solution for adult industry',
    marketCap: '$343,353',
    category: 'adult' },
  { CoinName: 'Bitcoin Adult',
    CSSingleLink: 'https://cryptoslate.com/coins/bitcoin-adult/',
    ticker: 'BTAD',
    shortDescription: 'Blockchain solution for adult entertainment',
    marketCap: '$259,530',
    category: 'adult' },
  { CoinName: 'TittieCoin',
    CSSingleLink: 'https://cryptoslate.com/coins/tittiecoin/',
    ticker: 'TTC',
    shortDescription: 'Proof of work cryptocurrency',
    marketCap: '$163,214',
    category: 'adult' },
  { CoinName: 'MODEL-X-coin',
    CSSingleLink: 'https://cryptoslate.com/coins/model-x-coin/',
    ticker: 'MODX',
    shortDescription: 'Adult cryptopowered video-streaming platform',
    marketCap: '$4,066',
    category: 'adult' },
  { CoinName: 'Live Stars',
    CSSingleLink: 'https://cryptoslate.com/coins/live-stars/',
    ticker: 'LIVE',
    shortDescription: 'Live broadcast entertainment provider',
    marketCap: '$550,644',
    category: 'adult' },
  { CoinName: 'AdultChain',
    CSSingleLink: 'https://cryptoslate.com/coins/adultchain/',
    ticker: 'XXX',
    shortDescription: 'Adult entertainment platform',
    marketCap: '$121,550',
    category: 'adult' },
  { CoinName: 'Titcoin',
    CSSingleLink: 'https://cryptoslate.com/coins/titcoin/',
    ticker: 'TIT',
    shortDescription: 'Cryptocurrency of the adult entertainment industry',
    marketCap: '$103,432',
    category: 'adult' },
  { CoinName: 'Animation Vision Cash',
    CSSingleLink: 'https://cryptoslate.com/coins/animation-vision-cash/',
    ticker: 'AVH',
    shortDescription: 'Interactive adult content trading platform',
    marketCap: '',
    category: 'adult' },
  { CoinName: 'FAPcoin',
    CSSingleLink: 'https://cryptoslate.com/coins/fapcoin/',
    ticker: 'FAP',
    shortDescription: 'Adult industry cryptocurrency',
    marketCap: '',
    category: 'adult' },
  { CoinName: 'Basic Attention Token',
    CSSingleLink: 'https://cryptoslate.com/coins/basic-attention-token/',
    ticker: 'BAT',
    shortDescription: 'Blockchain-based advertising',
    marketCap: '$271,782,363',
    category: 'advertising' },
  { CoinName: 'Mithril',
    CSSingleLink: 'https://cryptoslate.com/coins/mithril/',
    ticker: 'MITH',
    shortDescription: 'Social media tokens that reward all content creators',
    marketCap: '$101,565,924',
    category: 'advertising' },
  { CoinName: 'Oyster',
    CSSingleLink: 'https://cryptoslate.com/coins/oyster/',
    ticker: 'PRL',
    shortDescription: 'Anonymous storage generates revenue for websites',
    marketCap: '$18,600,822',
    category: 'advertising' },
  { CoinName: 'AdEx',
    CSSingleLink: 'https://cryptoslate.com/coins/adex/',
    ticker: 'ADX',
    shortDescription: 'Decentralized ad network',
    marketCap: '$16,957,689',
    category: 'advertising' },
  { CoinName: 'adToken',
    CSSingleLink: 'https://cryptoslate.com/coins/adtoken/',
    ticker: 'ADT',
    shortDescription: 'Blockchain-based protocol for advertising',
    marketCap: '$9,396,067',
    category: 'advertising' },
  { CoinName: 'Ternio',
    CSSingleLink: 'https://cryptoslate.com/coins/ternio/',
    ticker: 'TERN',
    shortDescription: 'Blockchain for digital advertising',
    marketCap: '$6,560,662',
    category: 'advertising' },
  { CoinName: 'DATx',
    CSSingleLink: 'https://cryptoslate.com/coins/datx/',
    ticker: 'DATX',
    shortDescription: 'Blockchain empowered digital advertising terminal',
    marketCap: '$5,077,024',
    category: 'advertising' },
  { CoinName: 'Airbloc',
    CSSingleLink: 'https://cryptoslate.com/coins/airbloc-protocol/',
    ticker: 'ABL',
    shortDescription: 'A decentralized data exchange platform',
    marketCap: '$4,925,894',
    category: 'advertising' },
  { CoinName: 'Synereo',
    CSSingleLink: 'https://cryptoslate.com/coins/synereo/',
    ticker: 'AMP',
    shortDescription: 'Attention economy token',
    marketCap: '$4,777,290',
    category: 'advertising' },
  { CoinName: 'Ubex',
    CSSingleLink: 'https://cryptoslate.com/coins/ubex-token/',
    ticker: 'UBEX',
    shortDescription: 'Artificial intelligence in advertising',
    marketCap: '$4,243,701',
    category: 'advertising' },
  { CoinName: 'AdShares',
    CSSingleLink: 'https://cryptoslate.com/coins/adshares/',
    ticker: 'ADST',
    shortDescription: 'Peer-to-peer market for programmatic advertising',
    marketCap: '$3,423,234',
    category: 'advertising' },
  { CoinName: 'ProChain',
    CSSingleLink: 'https://cryptoslate.com/coins/prochain/',
    ticker: 'PRA',
    shortDescription: 'Decentralized Digital Advertising Ecosystem',
    marketCap: '$3,321,666',
    category: 'advertising' },
  { CoinName: 'AirToken',
    CSSingleLink: 'https://cryptoslate.com/coins/airtoken/',
    ticker: 'AIR',
    shortDescription: 'Free mobile internet through opt-in advertising',
    marketCap: '$2,338,933',
    category: 'advertising' },
  { CoinName: 'Friendz',
    CSSingleLink: 'https://cryptoslate.com/coins/friendz/',
    ticker: 'FDZ',
    shortDescription: 'A digital marketing revolution on the blockchain',
    marketCap: '$2,167,917',
    category: 'advertising' },
  { CoinName: 'Adbank',
    CSSingleLink: 'https://cryptoslate.com/coins/adbank/',
    ticker: 'ADB',
    shortDescription: 'Advertising platform',
    marketCap: '$1,973,264',
    category: 'advertising' },
  { CoinName: 'HeartBout',
    CSSingleLink: 'https://cryptoslate.com/coins/heartbout/',
    ticker: 'HB',
    shortDescription: 'Next generation social network',
    marketCap: '$1,515,245',
    category: 'advertising' },
  { CoinName: 'AdHive',
    CSSingleLink: 'https://cryptoslate.com/coins/adhive/',
    ticker: 'ADH',
    shortDescription: 'AI-controlled influencer marketing platform',
    marketCap: '$1,436,578',
    category: 'advertising' },
  { CoinName: 'ATMChain',
    CSSingleLink: 'https://cryptoslate.com/coins/atmchain/',
    ticker: 'ATM',
    shortDescription: 'Ecosystem for media advertisers',
    marketCap: '$1,126,729',
    category: 'advertising' },
  { CoinName: 'HOQU',
    CSSingleLink: 'https://cryptoslate.com/coins/hoqu/',
    ticker: 'HQX',
    shortDescription: 'Decentralized affiliate platform',
    marketCap: '$910,009',
    category: 'advertising' },
  { CoinName: 'Thrive Token',
    CSSingleLink: 'https://cryptoslate.com/coins/thrive-token/',
    ticker: 'THRT',
    shortDescription: 'Decentralized ad marketplace',
    marketCap: '$858,120',
    category: 'advertising' },
  { CoinName: 'Proton Token',
    CSSingleLink: 'https://cryptoslate.com/coins/proton-token/',
    ticker: 'PTT',
    shortDescription: 'Data intelligent collaboration network',
    marketCap: '$786,138',
    category: 'advertising' },
  { CoinName: 'ClearCoin',
    CSSingleLink: 'https://cryptoslate.com/coins/clearcoin/',
    ticker: 'XCLR',
    shortDescription: 'Blockchain ad platform',
    marketCap: '$729,739',
    category: 'advertising' },
  { CoinName: 'Bigbom',
    CSSingleLink: 'https://cryptoslate.com/coins/bigbom-eco/',
    ticker: 'BBO',
    shortDescription: 'Decentralized advertising ecosystem',
    marketCap: '$616,164',
    category: 'advertising' },
  { CoinName: 'Engagement Token',
    CSSingleLink: 'https://cryptoslate.com/coins/engagement-token/',
    ticker: 'ENGT',
    shortDescription: 'Rewarding publishers and creators',
    marketCap: '$600,843',
    category: 'advertising' },
  { CoinName: 'Webcoin',
    CSSingleLink: 'https://cryptoslate.com/coins/webcoin/',
    ticker: 'WEB',
    shortDescription: 'The future of digital marketing solutions',
    marketCap: '$476,084',
    category: 'advertising' },
  { CoinName: 'Leadcoin',
    CSSingleLink: 'https://cryptoslate.com/coins/leadcoin/',
    ticker: 'LDC',
    shortDescription: 'The future of web marketing',
    marketCap: '$468,160',
    category: 'advertising' },
  { CoinName: 'NetKoin',
    CSSingleLink: 'https://cryptoslate.com/coins/netkoin/',
    ticker: 'NTK',
    shortDescription: 'Location based advertising on the blockchain',
    marketCap: '$430,294',
    category: 'advertising' },
  { CoinName: 'AB-CHAIN',
    CSSingleLink: 'https://cryptoslate.com/coins/ab-chain/',
    ticker: 'RTB',
    shortDescription: 'Ads on the blockchain',
    marketCap: '$362,130',
    category: 'advertising' },
  { CoinName: 'Adzcoin',
    CSSingleLink: 'https://cryptoslate.com/coins/adzcoin/',
    ticker: 'ADZ',
    shortDescription: 'Decentralized cryptocurrency that can be traded for Bitcoin/cash',
    marketCap: '$283,702',
    category: 'advertising' },
  { CoinName: 'Viuly',
    CSSingleLink: 'https://cryptoslate.com/coins/viuly/',
    ticker: 'VIU',
    shortDescription: 'Blockchain-based video sharing',
    marketCap: '$175,880',
    category: 'advertising' },
  { CoinName: 'RefToken',
    CSSingleLink: 'https://cryptoslate.com/coins/reftoken/',
    ticker: 'REF',
    shortDescription: 'Decentralized affiliate platform',
    marketCap: '$762,787',
    category: 'advertising' },
  { CoinName: 'Kind Ads Token',
    CSSingleLink: 'https://cryptoslate.com/coins/kind-ads-token/',
    ticker: 'KIND',
    shortDescription: 'Decentralized trust protocol for domains & publishers',
    marketCap: '$645,577',
    category: 'advertising' },
  { CoinName: 'Commodity Ad Network',
    CSSingleLink: 'https://cryptoslate.com/coins/commodity-ad-network/',
    ticker: 'CDX',
    shortDescription: 'A disruptive ad network of creative minds',
    marketCap: '$198,097',
    category: 'advertising' },
  { CoinName: 'AdCoin',
    CSSingleLink: 'https://cryptoslate.com/coins/adcoin/',
    ticker: 'ACC',
    shortDescription: 'Lite version of Bitcoin using scrypt',
    marketCap: '$164,218',
    category: 'advertising' },
  { CoinName: 'PRCoin',
    CSSingleLink: 'https://cryptoslate.com/coins/prcoin/',
    ticker: 'PRC',
    shortDescription: 'Blockchain advertisement platform',
    marketCap: '$8,046',
    category: 'advertising' },
  { CoinName: 'Ultra Salescloud',
    CSSingleLink: 'https://cryptoslate.com/coins/ultra-salescloud/',
    ticker: 'UST',
    shortDescription: 'Next generation intelligent marketing chain based on blockchain technology 3.0',
    marketCap: '',
    category: 'advertising' },
  { CoinName: 'WeToken',
    CSSingleLink: 'https://cryptoslate.com/coins/wetoken/',
    ticker: 'WT',
    shortDescription: 'Decentralized free Wi-Fi network',
    marketCap: '',
    category: 'advertising' },
  { CoinName: 'Promotion Coin',
    CSSingleLink: 'https://cryptoslate.com/coins/promotion-coin/',
    ticker: 'PC',
    shortDescription: 'Decentralized promotion system',
    marketCap: '',
    category: 'advertising' },
  { CoinName: 'Content and AD Network',
    CSSingleLink: 'https://cryptoslate.com/coins/content-ad-network/',
    ticker: 'CAN',
    shortDescription: 'Token designed for advertising services',
    marketCap: '',
    category: 'advertising' },
  { CoinName: 'Ordocoin',
    CSSingleLink: 'https://cryptoslate.com/coins/ordocoin/',
    ticker: 'RDC',
    shortDescription: 'Next-generation video sharing platform',
    marketCap: '',
    category: 'advertising' },
  { CoinName: 'DWS',
    CSSingleLink: 'https://cryptoslate.com/coins/dws/',
    ticker: 'DWS',
    shortDescription: 'Decentralised Wi-Fi for everyone',
    marketCap: '',
    category: 'advertising' },
  { CoinName: 'Cortex',
    CSSingleLink: 'https://cryptoslate.com/coins/cortex/',
    ticker: 'CTXC',
    shortDescription: 'Decentralized AI autonomous system',
    marketCap: '$45,988,944',
    category: 'ai' },
  { CoinName: 'Matrix AI Network',
    CSSingleLink: 'https://cryptoslate.com/coins/matrix-ai-network/',
    ticker: 'MAN',
    shortDescription: 'Public Intelligent Blockchain Platform',
    marketCap: '$37,570,165',
    category: 'ai' },
  { CoinName: 'Endor Protocol',
    CSSingleLink: 'https://cryptoslate.com/coins/endor-protocol/',
    ticker: 'EDR',
    shortDescription: 'AI predictions accessible for all',
    marketCap: '$36,349,217',
    category: 'ai' },
  { CoinName: 'SingularityNET',
    CSSingleLink: 'https://cryptoslate.com/coins/singularitynet/',
    ticker: 'AGI',
    shortDescription: 'Decentralized marketplace for AI',
    marketCap: '$31,925,190',
    category: 'ai' },
  { CoinName: 'DATA',
    CSSingleLink: 'https://cryptoslate.com/coins/data/',
    ticker: 'DTA',
    shortDescription: 'Decentralized AI-powered trust alliance',
    marketCap: '$20,798,494',
    category: 'ai' },
  { CoinName: 'Bottos',
    CSSingleLink: 'https://cryptoslate.com/coins/bottos/',
    ticker: 'BTO',
    shortDescription: 'Decentralized AI Economy',
    marketCap: '$19,231,768',
    category: 'ai' },
  { CoinName: 'DeepBrain Chain',
    CSSingleLink: 'https://cryptoslate.com/coins/deepbrain-chain/',
    ticker: 'DBC',
    shortDescription: 'Decentrialzied AI computing platform on NEO',
    marketCap: '$10,423,755',
    category: 'ai' },
  { CoinName: 'Swarm',
    CSSingleLink: 'https://cryptoslate.com/coins/swarm/',
    ticker: 'SWM',
    shortDescription: 'The A.I. Driven Investment Economy',
    marketCap: '$10,349,502',
    category: 'ai' },
  { CoinName: 'ATN',
    CSSingleLink: 'https://cryptoslate.com/coins/atn/',
    ticker: 'ATN',
    shortDescription: 'Artificial Intelligence API marketplace',
    marketCap: '$8,732,181',
    category: 'ai' },
  { CoinName: 'Playgroundz',
    CSSingleLink: 'https://cryptoslate.com/coins/playgroundz/',
    ticker: 'IOG',
    shortDescription: 'The internet of games',
    marketCap: '$8,503,598',
    category: 'ai' },
  { CoinName: 'Sentinel Protocol',
    CSSingleLink: 'https://cryptoslate.com/coins/sentinel-protocol/',
    ticker: 'UPP',
    shortDescription: 'Security intelligence platform',
    marketCap: '$6,208,943',
    category: 'ai' },
  { CoinName: 'Consensus',
    CSSingleLink: 'https://cryptoslate.com/coins/consensus/',
    ticker: 'SEN',
    shortDescription: 'Decentralized AI platform for collective governance',
    marketCap: '$5,118,381',
    category: 'ai' },
  { CoinName: 'DATx',
    CSSingleLink: 'https://cryptoslate.com/coins/datx/',
    ticker: 'DATX',
    shortDescription: 'Blockchain empowered digital advertising terminal',
    marketCap: '$5,077,024',
    category: 'ai' },
  { CoinName: 'aXpire',
    CSSingleLink: 'https://cryptoslate.com/coins/axpire/',
    ticker: 'AXPR',
    shortDescription: 'Cloud-Based and AI-Enabled Blockchain Payment Processing',
    marketCap: '$4,835,846',
    category: 'ai' },
  { CoinName: 'Neurotoken',
    CSSingleLink: 'https://cryptoslate.com/coins/neuromation/',
    ticker: 'NTK',
    shortDescription: 'Distributed synthetic data platform for deep learning applications',
    marketCap: '$4,799,519',
    category: 'ai' },
  { CoinName: 'Ubex',
    CSSingleLink: 'https://cryptoslate.com/coins/ubex-token/',
    ticker: 'UBEX',
    shortDescription: 'Artificial intelligence in advertising',
    marketCap: '$4,243,701',
    category: 'ai' },
  { CoinName: 'BANCA',
    CSSingleLink: 'https://cryptoslate.com/coins/banca/',
    ticker: 'BANCA',
    shortDescription: 'Decentralized, intelligent investment banking community',
    marketCap: '$4,132,950',
    category: 'ai' },
  ... 2211 more items ]
